[2019-11-07 17:46:42,797] {taskinstance.py:630} INFO - Dependencies all met for <TaskInstance: tutorial.sleep 2015-06-05T00:00:00+00:00 [queued]>
[2019-11-07 17:46:42,809] {taskinstance.py:630} INFO - Dependencies all met for <TaskInstance: tutorial.sleep 2015-06-05T00:00:00+00:00 [queued]>
[2019-11-07 17:46:42,809] {taskinstance.py:841} INFO - 
--------------------------------------------------------------------------------
[2019-11-07 17:46:42,810] {taskinstance.py:842} INFO - Starting attempt 1 of 4
[2019-11-07 17:46:42,810] {taskinstance.py:843} INFO - 
--------------------------------------------------------------------------------
[2019-11-07 17:46:42,825] {taskinstance.py:862} INFO - Executing <Task(BashOperator): sleep> on 2015-06-05T00:00:00+00:00
[2019-11-07 17:46:42,825] {base_task_runner.py:133} INFO - Running: ['airflow', 'run', 'tutorial', 'sleep', '2015-06-05T00:00:00+00:00', '--job_id', '9', '--pool', 'default_pool', '--raw', '-sd', 'DAGS_FOLDER/poc.py', '--cfg_path', '/tmp/tmpfmcwprl0']
[2019-11-07 17:46:44,912] {base_task_runner.py:115} INFO - Job 9: Subtask sleep [2019-11-07 17:46:44,911] {__init__.py:51} INFO - Using executor SequentialExecutor
[2019-11-07 17:46:44,913] {base_task_runner.py:115} INFO - Job 9: Subtask sleep [2019-11-07 17:46:44,912] {dagbag.py:92} INFO - Filling up the DagBag from /home/vlad/airflow/dags/poc.py
[2019-11-07 17:46:44,934] {base_task_runner.py:115} INFO - Job 9: Subtask sleep [2019-11-07 17:46:44,933] {cli.py:545} INFO - Running <TaskInstance: tutorial.sleep 2015-06-05T00:00:00+00:00 [running]> on host SP-9859.localdomain
[2019-11-07 17:46:44,947] {bash_operator.py:81} INFO - Tmp dir root location: 
 /tmp
[2019-11-07 17:46:44,948] {bash_operator.py:91} INFO - Exporting the following env vars:
AIRFLOW_CTX_DAG_ID=tutorial
AIRFLOW_CTX_TASK_ID=sleep
AIRFLOW_CTX_EXECUTION_DATE=2015-06-05T00:00:00+00:00
AIRFLOW_CTX_DAG_RUN_ID=scheduled__2015-06-05T00:00:00+00:00
[2019-11-07 17:46:44,949] {bash_operator.py:105} INFO - Temporary script location: /tmp/airflowtmpwhyuxcef/sleepfh3bd7mk
[2019-11-07 17:46:44,949] {bash_operator.py:115} INFO - Running command: sleep 5
[2019-11-07 17:46:44,983] {bash_operator.py:124} INFO - Output:
[2019-11-07 17:46:47,783] {logging_mixin.py:112} INFO - [2019-11-07 17:46:47,783] {local_task_job.py:124} WARNING - Time since last heartbeat(0.01 s) < heartrate(5.0 s), sleeping for 4.993484 s
[2019-11-07 17:46:50,008] {bash_operator.py:132} INFO - Command exited with return code 0
[2019-11-07 17:46:52,781] {logging_mixin.py:112} INFO - [2019-11-07 17:46:52,778] {local_task_job.py:103} INFO - Task exited with return code 0
