[2019-11-07 17:46:01,182] {taskinstance.py:630} INFO - Dependencies all met for <TaskInstance: tutorial.templated 2015-06-02T00:00:00+00:00 [queued]>
[2019-11-07 17:46:01,196] {taskinstance.py:630} INFO - Dependencies all met for <TaskInstance: tutorial.templated 2015-06-02T00:00:00+00:00 [queued]>
[2019-11-07 17:46:01,196] {taskinstance.py:841} INFO - 
--------------------------------------------------------------------------------
[2019-11-07 17:46:01,196] {taskinstance.py:842} INFO - Starting attempt 1 of 2
[2019-11-07 17:46:01,196] {taskinstance.py:843} INFO - 
--------------------------------------------------------------------------------
[2019-11-07 17:46:01,212] {taskinstance.py:862} INFO - Executing <Task(BashOperator): templated> on 2015-06-02T00:00:00+00:00
[2019-11-07 17:46:01,212] {base_task_runner.py:133} INFO - Running: ['airflow', 'run', 'tutorial', 'templated', '2015-06-02T00:00:00+00:00', '--job_id', '6', '--pool', 'default_pool', '--raw', '-sd', 'DAGS_FOLDER/poc.py', '--cfg_path', '/tmp/tmp8462peku']
[2019-11-07 17:46:03,615] {base_task_runner.py:115} INFO - Job 6: Subtask templated [2019-11-07 17:46:03,613] {__init__.py:51} INFO - Using executor SequentialExecutor
[2019-11-07 17:46:03,616] {base_task_runner.py:115} INFO - Job 6: Subtask templated [2019-11-07 17:46:03,615] {dagbag.py:92} INFO - Filling up the DagBag from /home/vlad/airflow/dags/poc.py
[2019-11-07 17:46:03,648] {base_task_runner.py:115} INFO - Job 6: Subtask templated [2019-11-07 17:46:03,647] {cli.py:545} INFO - Running <TaskInstance: tutorial.templated 2015-06-02T00:00:00+00:00 [running]> on host SP-9859.localdomain
[2019-11-07 17:46:03,665] {bash_operator.py:81} INFO - Tmp dir root location: 
 /tmp
[2019-11-07 17:46:03,665] {bash_operator.py:91} INFO - Exporting the following env vars:
AIRFLOW_CTX_DAG_ID=tutorial
AIRFLOW_CTX_TASK_ID=templated
AIRFLOW_CTX_EXECUTION_DATE=2015-06-02T00:00:00+00:00
AIRFLOW_CTX_DAG_RUN_ID=scheduled__2015-06-02T00:00:00+00:00
[2019-11-07 17:46:03,667] {bash_operator.py:105} INFO - Temporary script location: /tmp/airflowtmpku5lu2s2/templatedfvycphg2
[2019-11-07 17:46:03,667] {bash_operator.py:115} INFO - Running command: 
    
        echo "2015-06-02"
        echo "2015-06-09"
        echo "Parameter I passed in"
    
        echo "2015-06-02"
        echo "2015-06-09"
        echo "Parameter I passed in"
    
        echo "2015-06-02"
        echo "2015-06-09"
        echo "Parameter I passed in"
    
        echo "2015-06-02"
        echo "2015-06-09"
        echo "Parameter I passed in"
    
        echo "2015-06-02"
        echo "2015-06-09"
        echo "Parameter I passed in"
    
[2019-11-07 17:46:03,693] {bash_operator.py:124} INFO - Output:
[2019-11-07 17:46:03,700] {bash_operator.py:128} INFO - 2015-06-02
[2019-11-07 17:46:03,700] {bash_operator.py:128} INFO - 2015-06-09
[2019-11-07 17:46:03,701] {bash_operator.py:128} INFO - Parameter I passed in
[2019-11-07 17:46:03,701] {bash_operator.py:128} INFO - 2015-06-02
[2019-11-07 17:46:03,701] {bash_operator.py:128} INFO - 2015-06-09
[2019-11-07 17:46:03,701] {bash_operator.py:128} INFO - Parameter I passed in
[2019-11-07 17:46:03,701] {bash_operator.py:128} INFO - 2015-06-02
[2019-11-07 17:46:03,701] {bash_operator.py:128} INFO - 2015-06-09
[2019-11-07 17:46:03,701] {bash_operator.py:128} INFO - Parameter I passed in
[2019-11-07 17:46:03,701] {bash_operator.py:128} INFO - 2015-06-02
[2019-11-07 17:46:03,701] {bash_operator.py:128} INFO - 2015-06-09
[2019-11-07 17:46:03,701] {bash_operator.py:128} INFO - Parameter I passed in
[2019-11-07 17:46:03,701] {bash_operator.py:128} INFO - 2015-06-02
[2019-11-07 17:46:03,701] {bash_operator.py:128} INFO - 2015-06-09
[2019-11-07 17:46:03,702] {bash_operator.py:128} INFO - Parameter I passed in
[2019-11-07 17:46:03,702] {bash_operator.py:132} INFO - Command exited with return code 0
[2019-11-07 17:46:06,175] {logging_mixin.py:112} INFO - [2019-11-07 17:46:06,174] {local_task_job.py:124} WARNING - Time since last heartbeat(0.02 s) < heartrate(5.0 s), sleeping for 4.983585 s
[2019-11-07 17:46:11,161] {logging_mixin.py:112} INFO - [2019-11-07 17:46:11,159] {local_task_job.py:103} INFO - Task exited with return code 0
