[2019-11-07 17:48:42,953] {taskinstance.py:630} INFO - Dependencies all met for <TaskInstance: tutorial.sleep 2015-06-11T00:00:00+00:00 [queued]>
[2019-11-07 17:48:42,964] {taskinstance.py:630} INFO - Dependencies all met for <TaskInstance: tutorial.sleep 2015-06-11T00:00:00+00:00 [queued]>
[2019-11-07 17:48:42,964] {taskinstance.py:841} INFO - 
--------------------------------------------------------------------------------
[2019-11-07 17:48:42,965] {taskinstance.py:842} INFO - Starting attempt 1 of 4
[2019-11-07 17:48:42,965] {taskinstance.py:843} INFO - 
--------------------------------------------------------------------------------
[2019-11-07 17:48:42,979] {taskinstance.py:862} INFO - Executing <Task(BashOperator): sleep> on 2015-06-11T00:00:00+00:00
[2019-11-07 17:48:42,980] {base_task_runner.py:133} INFO - Running: ['airflow', 'run', 'tutorial', 'sleep', '2015-06-11T00:00:00+00:00', '--job_id', '18', '--pool', 'default_pool', '--raw', '-sd', 'DAGS_FOLDER/poc.py', '--cfg_path', '/tmp/tmpa2x8id5d']
[2019-11-07 17:48:45,850] {base_task_runner.py:115} INFO - Job 18: Subtask sleep [2019-11-07 17:48:45,848] {__init__.py:51} INFO - Using executor SequentialExecutor
[2019-11-07 17:48:45,850] {base_task_runner.py:115} INFO - Job 18: Subtask sleep [2019-11-07 17:48:45,849] {dagbag.py:92} INFO - Filling up the DagBag from /home/vlad/airflow/dags/poc.py
[2019-11-07 17:48:45,870] {base_task_runner.py:115} INFO - Job 18: Subtask sleep [2019-11-07 17:48:45,869] {cli.py:545} INFO - Running <TaskInstance: tutorial.sleep 2015-06-11T00:00:00+00:00 [running]> on host SP-9859.localdomain
[2019-11-07 17:48:45,881] {bash_operator.py:81} INFO - Tmp dir root location: 
 /tmp
[2019-11-07 17:48:45,881] {bash_operator.py:91} INFO - Exporting the following env vars:
AIRFLOW_CTX_DAG_ID=tutorial
AIRFLOW_CTX_TASK_ID=sleep
AIRFLOW_CTX_EXECUTION_DATE=2015-06-11T00:00:00+00:00
AIRFLOW_CTX_DAG_RUN_ID=scheduled__2015-06-11T00:00:00+00:00
[2019-11-07 17:48:45,882] {bash_operator.py:105} INFO - Temporary script location: /tmp/airflowtmpb2u65u0n/sleepvpeblo2s
[2019-11-07 17:48:45,882] {bash_operator.py:115} INFO - Running command: sleep 5
[2019-11-07 17:48:45,907] {bash_operator.py:124} INFO - Output:
[2019-11-07 17:48:47,938] {logging_mixin.py:112} INFO - [2019-11-07 17:48:47,937] {local_task_job.py:124} WARNING - Time since last heartbeat(0.01 s) < heartrate(5.0 s), sleeping for 4.994938 s
[2019-11-07 17:48:50,927] {bash_operator.py:132} INFO - Command exited with return code 0
[2019-11-07 17:48:52,937] {logging_mixin.py:112} INFO - [2019-11-07 17:48:52,934] {local_task_job.py:103} INFO - Task exited with return code 0
