[2019-11-07 17:49:23,221] {taskinstance.py:624} INFO - Dependencies not met for <TaskInstance: tutorial.print_date 2015-06-16T00:00:00+00:00 [scheduled]>, dependency 'Task Instance State' FAILED: Task is in the 'scheduled' state which is not a valid state for execution. The task must be cleared in order to be run.
[2019-11-07 17:49:23,221] {logging_mixin.py:112} INFO - [2019-11-07 17:49:23,221] {local_task_job.py:91} INFO - Task is not able to be run
[2019-11-07 17:49:33,829] {taskinstance.py:630} INFO - Dependencies all met for <TaskInstance: tutorial.print_date 2015-06-16T00:00:00+00:00 [queued]>
[2019-11-07 17:49:33,859] {taskinstance.py:630} INFO - Dependencies all met for <TaskInstance: tutorial.print_date 2015-06-16T00:00:00+00:00 [queued]>
[2019-11-07 17:49:33,860] {taskinstance.py:841} INFO - 
--------------------------------------------------------------------------------
[2019-11-07 17:49:33,860] {taskinstance.py:842} INFO - Starting attempt 1 of 2
[2019-11-07 17:49:33,860] {taskinstance.py:843} INFO - 
--------------------------------------------------------------------------------
[2019-11-07 17:49:33,886] {taskinstance.py:862} INFO - Executing <Task(BashOperator): print_date> on 2015-06-16T00:00:00+00:00
[2019-11-07 17:49:33,886] {base_task_runner.py:133} INFO - Running: ['airflow', 'run', 'tutorial', 'print_date', '2015-06-16T00:00:00+00:00', '--job_id', '24', '--pool', 'default_pool', '--raw', '-sd', 'DAGS_FOLDER/poc.py', '--cfg_path', '/tmp/tmpapxlcb5u']
[2019-11-07 17:49:36,242] {base_task_runner.py:115} INFO - Job 24: Subtask print_date [2019-11-07 17:49:36,241] {__init__.py:51} INFO - Using executor SequentialExecutor
[2019-11-07 17:49:36,243] {base_task_runner.py:115} INFO - Job 24: Subtask print_date [2019-11-07 17:49:36,242] {dagbag.py:92} INFO - Filling up the DagBag from /home/vlad/airflow/dags/poc.py
[2019-11-07 17:49:36,260] {base_task_runner.py:115} INFO - Job 24: Subtask print_date [2019-11-07 17:49:36,259] {cli.py:545} INFO - Running <TaskInstance: tutorial.print_date 2015-06-16T00:00:00+00:00 [running]> on host SP-9859.localdomain
[2019-11-07 17:49:36,272] {bash_operator.py:81} INFO - Tmp dir root location: 
 /tmp
[2019-11-07 17:49:36,272] {bash_operator.py:91} INFO - Exporting the following env vars:
AIRFLOW_CTX_DAG_ID=tutorial
AIRFLOW_CTX_TASK_ID=print_date
AIRFLOW_CTX_EXECUTION_DATE=2015-06-16T00:00:00+00:00
AIRFLOW_CTX_DAG_RUN_ID=scheduled__2015-06-16T00:00:00+00:00
[2019-11-07 17:49:36,273] {bash_operator.py:105} INFO - Temporary script location: /tmp/airflowtmpwtwonutm/print_datea81hkl4i
[2019-11-07 17:49:36,273] {bash_operator.py:115} INFO - Running command: date
[2019-11-07 17:49:36,300] {bash_operator.py:124} INFO - Output:
[2019-11-07 17:49:36,319] {bash_operator.py:128} INFO - Thu Nov  7 17:49:36 CET 2019
[2019-11-07 17:49:36,321] {bash_operator.py:132} INFO - Command exited with return code 0
[2019-11-07 17:49:38,798] {logging_mixin.py:112} INFO - [2019-11-07 17:49:38,798] {local_task_job.py:124} WARNING - Time since last heartbeat(0.01 s) < heartrate(5.0 s), sleeping for 4.993274 s
[2019-11-07 17:49:43,794] {logging_mixin.py:112} INFO - [2019-11-07 17:49:43,792] {local_task_job.py:103} INFO - Task exited with return code 0
