[2019-11-07 17:46:55,229] {taskinstance.py:630} INFO - Dependencies all met for <TaskInstance: tutorial.templated 2015-06-05T00:00:00+00:00 [queued]>
[2019-11-07 17:46:55,241] {taskinstance.py:630} INFO - Dependencies all met for <TaskInstance: tutorial.templated 2015-06-05T00:00:00+00:00 [queued]>
[2019-11-07 17:46:55,241] {taskinstance.py:841} INFO - 
--------------------------------------------------------------------------------
[2019-11-07 17:46:55,241] {taskinstance.py:842} INFO - Starting attempt 1 of 2
[2019-11-07 17:46:55,241] {taskinstance.py:843} INFO - 
--------------------------------------------------------------------------------
[2019-11-07 17:46:55,255] {taskinstance.py:862} INFO - Executing <Task(BashOperator): templated> on 2015-06-05T00:00:00+00:00
[2019-11-07 17:46:55,255] {base_task_runner.py:133} INFO - Running: ['airflow', 'run', 'tutorial', 'templated', '2015-06-05T00:00:00+00:00', '--job_id', '10', '--pool', 'default_pool', '--raw', '-sd', 'DAGS_FOLDER/poc.py', '--cfg_path', '/tmp/tmp98vcng4o']
[2019-11-07 17:46:57,742] {base_task_runner.py:115} INFO - Job 10: Subtask templated [2019-11-07 17:46:57,740] {__init__.py:51} INFO - Using executor SequentialExecutor
[2019-11-07 17:46:57,743] {base_task_runner.py:115} INFO - Job 10: Subtask templated [2019-11-07 17:46:57,742] {dagbag.py:92} INFO - Filling up the DagBag from /home/vlad/airflow/dags/poc.py
[2019-11-07 17:46:57,776] {base_task_runner.py:115} INFO - Job 10: Subtask templated [2019-11-07 17:46:57,775] {cli.py:545} INFO - Running <TaskInstance: tutorial.templated 2015-06-05T00:00:00+00:00 [running]> on host SP-9859.localdomain
[2019-11-07 17:46:57,813] {bash_operator.py:81} INFO - Tmp dir root location: 
 /tmp
[2019-11-07 17:46:57,813] {bash_operator.py:91} INFO - Exporting the following env vars:
AIRFLOW_CTX_DAG_ID=tutorial
AIRFLOW_CTX_TASK_ID=templated
AIRFLOW_CTX_EXECUTION_DATE=2015-06-05T00:00:00+00:00
AIRFLOW_CTX_DAG_RUN_ID=scheduled__2015-06-05T00:00:00+00:00
[2019-11-07 17:46:57,815] {bash_operator.py:105} INFO - Temporary script location: /tmp/airflowtmp47ougq5r/templatedoh4zs6qx
[2019-11-07 17:46:57,816] {bash_operator.py:115} INFO - Running command: 
    
        echo "2015-06-05"
        echo "2015-06-12"
        echo "Parameter I passed in"
    
        echo "2015-06-05"
        echo "2015-06-12"
        echo "Parameter I passed in"
    
        echo "2015-06-05"
        echo "2015-06-12"
        echo "Parameter I passed in"
    
        echo "2015-06-05"
        echo "2015-06-12"
        echo "Parameter I passed in"
    
        echo "2015-06-05"
        echo "2015-06-12"
        echo "Parameter I passed in"
    
[2019-11-07 17:46:57,869] {bash_operator.py:124} INFO - Output:
[2019-11-07 17:46:57,884] {bash_operator.py:128} INFO - 2015-06-05
[2019-11-07 17:46:57,885] {bash_operator.py:128} INFO - 2015-06-12
[2019-11-07 17:46:57,885] {bash_operator.py:128} INFO - Parameter I passed in
[2019-11-07 17:46:57,885] {bash_operator.py:128} INFO - 2015-06-05
[2019-11-07 17:46:57,885] {bash_operator.py:128} INFO - 2015-06-12
[2019-11-07 17:46:57,885] {bash_operator.py:128} INFO - Parameter I passed in
[2019-11-07 17:46:57,885] {bash_operator.py:128} INFO - 2015-06-05
[2019-11-07 17:46:57,886] {bash_operator.py:128} INFO - 2015-06-12
[2019-11-07 17:46:57,886] {bash_operator.py:128} INFO - Parameter I passed in
[2019-11-07 17:46:57,887] {bash_operator.py:128} INFO - 2015-06-05
[2019-11-07 17:46:57,887] {bash_operator.py:128} INFO - 2015-06-12
[2019-11-07 17:46:57,887] {bash_operator.py:128} INFO - Parameter I passed in
[2019-11-07 17:46:57,887] {bash_operator.py:128} INFO - 2015-06-05
[2019-11-07 17:46:57,887] {bash_operator.py:128} INFO - 2015-06-12
[2019-11-07 17:46:57,887] {bash_operator.py:128} INFO - Parameter I passed in
[2019-11-07 17:46:57,888] {bash_operator.py:132} INFO - Command exited with return code 0
[2019-11-07 17:47:00,215] {logging_mixin.py:112} INFO - [2019-11-07 17:47:00,214] {local_task_job.py:124} WARNING - Time since last heartbeat(0.01 s) < heartrate(5.0 s), sleeping for 4.9949770000000004 s
[2019-11-07 17:47:05,212] {logging_mixin.py:112} INFO - [2019-11-07 17:47:05,211] {local_task_job.py:103} INFO - Task exited with return code 0
