[2019-11-07 17:48:56,616] {taskinstance.py:630} INFO - Dependencies all met for <TaskInstance: tutorial.print_date 2015-06-15T00:00:00+00:00 [queued]>
[2019-11-07 17:48:56,626] {taskinstance.py:630} INFO - Dependencies all met for <TaskInstance: tutorial.print_date 2015-06-15T00:00:00+00:00 [queued]>
[2019-11-07 17:48:56,626] {taskinstance.py:841} INFO - 
--------------------------------------------------------------------------------
[2019-11-07 17:48:56,626] {taskinstance.py:842} INFO - Starting attempt 1 of 2
[2019-11-07 17:48:56,626] {taskinstance.py:843} INFO - 
--------------------------------------------------------------------------------
[2019-11-07 17:48:56,642] {taskinstance.py:862} INFO - Executing <Task(BashOperator): print_date> on 2015-06-15T00:00:00+00:00
[2019-11-07 17:48:56,642] {base_task_runner.py:133} INFO - Running: ['airflow', 'run', 'tutorial', 'print_date', '2015-06-15T00:00:00+00:00', '--job_id', '19', '--pool', 'default_pool', '--raw', '-sd', 'DAGS_FOLDER/poc.py', '--cfg_path', '/tmp/tmp4fxs1krr']
[2019-11-07 17:48:58,630] {base_task_runner.py:115} INFO - Job 19: Subtask print_date [2019-11-07 17:48:58,629] {__init__.py:51} INFO - Using executor SequentialExecutor
[2019-11-07 17:48:58,631] {base_task_runner.py:115} INFO - Job 19: Subtask print_date [2019-11-07 17:48:58,630] {dagbag.py:92} INFO - Filling up the DagBag from /home/vlad/airflow/dags/poc.py
[2019-11-07 17:48:58,648] {base_task_runner.py:115} INFO - Job 19: Subtask print_date [2019-11-07 17:48:58,648] {cli.py:545} INFO - Running <TaskInstance: tutorial.print_date 2015-06-15T00:00:00+00:00 [running]> on host SP-9859.localdomain
[2019-11-07 17:48:58,662] {bash_operator.py:81} INFO - Tmp dir root location: 
 /tmp
[2019-11-07 17:48:58,662] {bash_operator.py:91} INFO - Exporting the following env vars:
AIRFLOW_CTX_DAG_ID=tutorial
AIRFLOW_CTX_TASK_ID=print_date
AIRFLOW_CTX_EXECUTION_DATE=2015-06-15T00:00:00+00:00
AIRFLOW_CTX_DAG_RUN_ID=scheduled__2015-06-15T00:00:00+00:00
[2019-11-07 17:48:58,664] {bash_operator.py:105} INFO - Temporary script location: /tmp/airflowtmp25w0ugl5/print_datebo1h734y
[2019-11-07 17:48:58,664] {bash_operator.py:115} INFO - Running command: date
[2019-11-07 17:48:58,693] {bash_operator.py:124} INFO - Output:
[2019-11-07 17:48:58,713] {bash_operator.py:128} INFO - Thu Nov  7 17:48:58 CET 2019
[2019-11-07 17:48:58,714] {bash_operator.py:132} INFO - Command exited with return code 0
[2019-11-07 17:49:01,602] {logging_mixin.py:112} INFO - [2019-11-07 17:49:01,601] {local_task_job.py:124} WARNING - Time since last heartbeat(0.00 s) < heartrate(5.0 s), sleeping for 4.995089 s
[2019-11-07 17:49:06,602] {logging_mixin.py:112} INFO - [2019-11-07 17:49:06,598] {local_task_job.py:103} INFO - Task exited with return code 0
