[2019-11-07 17:45:07,720] {taskinstance.py:630} INFO - Dependencies all met for <TaskInstance: tutorial.print_date 2015-06-01T00:00:00+00:00 [queued]>
[2019-11-07 17:45:07,730] {taskinstance.py:630} INFO - Dependencies all met for <TaskInstance: tutorial.print_date 2015-06-01T00:00:00+00:00 [queued]>
[2019-11-07 17:45:07,730] {taskinstance.py:841} INFO - 
--------------------------------------------------------------------------------
[2019-11-07 17:45:07,730] {taskinstance.py:842} INFO - Starting attempt 1 of 2
[2019-11-07 17:45:07,730] {taskinstance.py:843} INFO - 
--------------------------------------------------------------------------------
[2019-11-07 17:45:07,744] {taskinstance.py:862} INFO - Executing <Task(BashOperator): print_date> on 2015-06-01T00:00:00+00:00
[2019-11-07 17:45:07,744] {base_task_runner.py:133} INFO - Running: ['airflow', 'run', 'tutorial', 'print_date', '2015-06-01T00:00:00+00:00', '--job_id', '2', '--pool', 'default_pool', '--raw', '-sd', 'DAGS_FOLDER/poc.py', '--cfg_path', '/tmp/tmpivdm8w4s']
[2019-11-07 17:45:09,803] {base_task_runner.py:115} INFO - Job 2: Subtask print_date [2019-11-07 17:45:09,802] {__init__.py:51} INFO - Using executor SequentialExecutor
[2019-11-07 17:45:09,803] {base_task_runner.py:115} INFO - Job 2: Subtask print_date [2019-11-07 17:45:09,803] {dagbag.py:92} INFO - Filling up the DagBag from /home/vlad/airflow/dags/poc.py
[2019-11-07 17:45:09,819] {base_task_runner.py:115} INFO - Job 2: Subtask print_date [2019-11-07 17:45:09,819] {cli.py:545} INFO - Running <TaskInstance: tutorial.print_date 2015-06-01T00:00:00+00:00 [running]> on host SP-9859.localdomain
[2019-11-07 17:45:09,829] {bash_operator.py:81} INFO - Tmp dir root location: 
 /tmp
[2019-11-07 17:45:09,829] {bash_operator.py:91} INFO - Exporting the following env vars:
AIRFLOW_CTX_DAG_ID=tutorial
AIRFLOW_CTX_TASK_ID=print_date
AIRFLOW_CTX_EXECUTION_DATE=2015-06-01T00:00:00+00:00
AIRFLOW_CTX_DAG_RUN_ID=scheduled__2015-06-01T00:00:00+00:00
[2019-11-07 17:45:09,830] {bash_operator.py:105} INFO - Temporary script location: /tmp/airflowtmp767ny5ms/print_date5w65rd5s
[2019-11-07 17:45:09,830] {bash_operator.py:115} INFO - Running command: date
[2019-11-07 17:45:09,855] {bash_operator.py:124} INFO - Output:
[2019-11-07 17:45:09,880] {bash_operator.py:128} INFO - Thu Nov  7 17:45:09 CET 2019
[2019-11-07 17:45:09,881] {bash_operator.py:132} INFO - Command exited with return code 0
[2019-11-07 17:45:12,714] {logging_mixin.py:112} INFO - [2019-11-07 17:45:12,713] {local_task_job.py:124} WARNING - Time since last heartbeat(0.01 s) < heartrate(5.0 s), sleeping for 4.990481 s
[2019-11-07 17:45:17,707] {logging_mixin.py:112} INFO - [2019-11-07 17:45:17,705] {local_task_job.py:103} INFO - Task exited with return code 0
