[2019-11-07 17:45:48,386] {taskinstance.py:630} INFO - Dependencies all met for <TaskInstance: tutorial.sleep 2015-06-02T00:00:00+00:00 [queued]>
[2019-11-07 17:45:48,398] {taskinstance.py:630} INFO - Dependencies all met for <TaskInstance: tutorial.sleep 2015-06-02T00:00:00+00:00 [queued]>
[2019-11-07 17:45:48,399] {taskinstance.py:841} INFO - 
--------------------------------------------------------------------------------
[2019-11-07 17:45:48,399] {taskinstance.py:842} INFO - Starting attempt 1 of 4
[2019-11-07 17:45:48,399] {taskinstance.py:843} INFO - 
--------------------------------------------------------------------------------
[2019-11-07 17:45:48,415] {taskinstance.py:862} INFO - Executing <Task(BashOperator): sleep> on 2015-06-02T00:00:00+00:00
[2019-11-07 17:45:48,415] {base_task_runner.py:133} INFO - Running: ['airflow', 'run', 'tutorial', 'sleep', '2015-06-02T00:00:00+00:00', '--job_id', '5', '--pool', 'default_pool', '--raw', '-sd', 'DAGS_FOLDER/poc.py', '--cfg_path', '/tmp/tmpku31hrvy']
[2019-11-07 17:45:50,651] {base_task_runner.py:115} INFO - Job 5: Subtask sleep [2019-11-07 17:45:50,650] {__init__.py:51} INFO - Using executor SequentialExecutor
[2019-11-07 17:45:50,651] {base_task_runner.py:115} INFO - Job 5: Subtask sleep [2019-11-07 17:45:50,651] {dagbag.py:92} INFO - Filling up the DagBag from /home/vlad/airflow/dags/poc.py
[2019-11-07 17:45:50,667] {base_task_runner.py:115} INFO - Job 5: Subtask sleep [2019-11-07 17:45:50,667] {cli.py:545} INFO - Running <TaskInstance: tutorial.sleep 2015-06-02T00:00:00+00:00 [running]> on host SP-9859.localdomain
[2019-11-07 17:45:50,679] {bash_operator.py:81} INFO - Tmp dir root location: 
 /tmp
[2019-11-07 17:45:50,679] {bash_operator.py:91} INFO - Exporting the following env vars:
AIRFLOW_CTX_DAG_ID=tutorial
AIRFLOW_CTX_TASK_ID=sleep
AIRFLOW_CTX_EXECUTION_DATE=2015-06-02T00:00:00+00:00
AIRFLOW_CTX_DAG_RUN_ID=scheduled__2015-06-02T00:00:00+00:00
[2019-11-07 17:45:50,680] {bash_operator.py:105} INFO - Temporary script location: /tmp/airflowtmpkf5am5xc/sleepfrdiq4ql
[2019-11-07 17:45:50,680] {bash_operator.py:115} INFO - Running command: sleep 5
[2019-11-07 17:45:50,703] {bash_operator.py:124} INFO - Output:
[2019-11-07 17:45:53,369] {logging_mixin.py:112} INFO - [2019-11-07 17:45:53,369] {local_task_job.py:124} WARNING - Time since last heartbeat(0.00 s) < heartrate(5.0 s), sleeping for 4.995935 s
[2019-11-07 17:45:55,724] {bash_operator.py:132} INFO - Command exited with return code 0
[2019-11-07 17:45:58,368] {logging_mixin.py:112} INFO - [2019-11-07 17:45:58,366] {local_task_job.py:103} INFO - Task exited with return code 0
